#-----------------------------------------------------------
# Vivado v2019.2 (64-bit)
# SW Build 2708876 on Wed Nov  6 21:40:23 MST 2019
# IP Build 2700528 on Thu Nov  7 00:09:20 MST 2019
# Start of session at: Sat May 27 13:19:11 2023
# Process ID: 9720
# Current directory: E:/VMshare/e203/script/jichuang
# Command line: vivado.exe -gui_launcher_event rodinguilauncherevent30204 E:\VMshare\e203\script\jichuang\jichuang.xpr
# Log file: E:/VMshare/e203/script/jichuang/vivado.log
# Journal file: E:/VMshare/e203/script/jichuang\vivado.jou
#-----------------------------------------------------------
start_gui
open_project E:/VMshare/e203/script/jichuang/jichuang.xpr
Scanning sources...
Finished scanning sources
WARNING: [Project 1-509] GeneratedRun file for 'synth_1' not found
WARNING: [Project 1-509] GeneratedRun file for 'div_gen_0_synth_1' not found
WARNING: [Project 1-509] GeneratedRun file for 'c_shift_ram_0_synth_1' not found
WARNING: [Project 1-509] GeneratedRun file for 'clk_wiz_0_synth_1' not found
WARNING: [Project 1-509] GeneratedRun file for 'mig_7series_0_synth_1' not found
WARNING: [Project 1-509] GeneratedRun file for 'rd_fifo_synth_1' not found
WARNING: [Project 1-509] GeneratedRun file for 'impl_1' not found
INFO: [IP_Flow 19-234] Refreshing IP repositories
INFO: [IP_Flow 19-1704] No user IP repositories specified
INFO: [IP_Flow 19-2313] Loaded Vivado IP repository 'D:/xlinx/Vivado/2019.2/data/ip'.
open_project: Time (s): cpu = 00:00:14 ; elapsed = 00:00:08 . Memory (MB): peak = 852.441 ; gain = 189.812
update_compile_order -fileset sources_1
launch_runs impl_1 -to_step write_bitstream -jobs 12
INFO: [Vivado 12-4149] The synthesis checkpoint for IP 'E:/VMshare/e203/script/jichuang/jichuang.srcs/sources_1/ip/wr_fifo/wr_fifo.xci' is already up-to-date
INFO: [Vivado 12-4149] The synthesis checkpoint for IP 'E:/VMshare/e203/script/jichuang/jichuang.srcs/sources_1/ip/PLL/PLL.xci' is already up-to-date
[Sat May 27 13:19:56 2023] Launched div_gen_0_synth_1, c_shift_ram_0_synth_1, clk_wiz_0_synth_1, mig_7series_0_synth_1, rd_fifo_synth_1, synth_1...
Run output will be captured here:
div_gen_0_synth_1: E:/VMshare/e203/script/jichuang/jichuang.runs/div_gen_0_synth_1/runme.log
c_shift_ram_0_synth_1: E:/VMshare/e203/script/jichuang/jichuang.runs/c_shift_ram_0_synth_1/runme.log
clk_wiz_0_synth_1: E:/VMshare/e203/script/jichuang/jichuang.runs/clk_wiz_0_synth_1/runme.log
mig_7series_0_synth_1: E:/VMshare/e203/script/jichuang/jichuang.runs/mig_7series_0_synth_1/runme.log
rd_fifo_synth_1: E:/VMshare/e203/script/jichuang/jichuang.runs/rd_fifo_synth_1/runme.log
synth_1: E:/VMshare/e203/script/jichuang/jichuang.runs/synth_1/runme.log
[Sat May 27 13:19:57 2023] Launched impl_1...
Run output will be captured here: E:/VMshare/e203/script/jichuang/jichuang.runs/impl_1/runme.log
exit
INFO: [Common 17-206] Exiting Vivado at Sat May 27 13:55:18 2023...
